Daily activity log. Each run appends one line.
2026-06-16 07:36:43 UTC - keeping it green
2026-06-16T14:37:04Z - docs: tidy notes (#1)
2026-06-16T20:56:34Z - chore: update activity log (#2)
2026-06-16T14:23:51Z - fix: small adjustment (#3)
2026-06-17T12:55:01Z - chore: end of day update (#1)
2026-06-17T04:07:18Z - chore: routine maintenance (#2)
2026-06-18T02:28:41Z - style: small tweak (#1)
2026-06-18T16:17:03Z - docs: add note (#2)
2026-06-18T18:34:56Z - style: small tweak (#3)
2026-06-18T18:21:52Z - chore: bump activity (#4)
2026-06-19T05:55:35Z - docs: tidy notes (#1)
2026-06-19T03:14:30Z - docs: update changelog (#2)
2026-06-19T23:08:21Z - docs: tidy notes (#3)
2026-06-19T21:29:53Z - chore: update activity log (#4)
2026-06-20T00:16:42Z - chore: routine maintenance (#1)
2026-06-20T19:39:42Z - docs: add note (#2)
2026-06-20T18:37:27Z - chore: housekeeping (#3)
2026-06-20T08:34:06Z - chore: sync daily progress (#4)
2026-06-21T23:17:05Z - docs: tidy notes (#1)
2026-06-21T00:34:35Z - style: small tweak (#2)
2026-06-21T15:05:17Z - style: small tweak (#3)
2026-06-21T07:32:39Z - chore: housekeeping (#4)
2026-06-22T12:06:19Z - chore: routine maintenance (#1)
2026-06-22T13:36:32Z - fix: small adjustment (#2)
2026-06-23T07:10:21Z - style: small tweak (#1)
2026-06-23T03:18:33Z - chore: bump activity (#2)
2026-06-24T21:27:54Z - fix: small adjustment (#1)
2026-06-24T00:37:20Z - chore: housekeeping (#2)
2026-06-24T09:19:44Z - style: small tweak (#3)
2026-06-24T10:55:48Z - chore: sync daily progress (#4)
2026-06-24T10:49:09Z - refactor: minor cleanup (#5)
2026-06-24T19:20:06Z - chore: routine maintenance (#6)
2026-06-25T17:27:14Z - chore: housekeeping (#1)
2026-06-25T13:17:21Z - style: small tweak (#2)
2026-06-26T03:28:12Z - docs: update changelog (#1)
2026-06-26T16:36:04Z - fix: small adjustment (#2)
2026-06-27T21:42:49Z - chore: bump activity (#1)
2026-06-27T15:17:20Z - fix: small adjustment (#2)
2026-06-28T10:49:38Z - chore: end of day update (#1)
2026-06-28T04:34:24Z - chore: end of day update (#2)
2026-06-29T07:23:51Z - chore: routine maintenance (#1)
2026-06-29T07:12:53Z - chore: housekeeping (#2)
2026-06-29T05:49:55Z - chore: end of day update (#3)
2026-06-29T08:12:50Z - chore: housekeeping (#4)
2026-06-29T17:00:45Z - chore: bump activity (#5)
2026-06-30T08:52:16Z - style: small tweak (#1)
2026-06-30T06:16:43Z - docs: tidy notes (#2)
2026-06-30T23:59:36Z - chore: sync daily progress (#3)
2026-06-30T05:01:22Z - chore: update activity log (#4)
2026-06-30T11:06:38Z - chore: housekeeping (#5)
2026-06-30T14:44:29Z - docs: add note (#6)
2026-06-30T08:52:53Z - docs: update changelog (#7)
2026-07-01T07:05:21Z - style: small tweak (#1)
2026-07-01T17:38:18Z - chore: routine maintenance (#2)
2026-07-01T18:02:30Z - chore: update activity log (#3)
2026-07-01T02:56:47Z - docs: update changelog (#4)
2026-07-02T13:58:21Z - chore: end of day update (#1)
2026-07-02T20:06:57Z - chore: routine maintenance (#2)
2026-07-03T04:47:42Z - chore: housekeeping (#1)
2026-07-03T21:49:20Z - docs: tidy notes (#2)
2026-07-03T20:21:45Z - chore: end of day update (#3)
2026-07-03T23:00:21Z - chore: end of day update (#4)
2026-07-03T07:17:45Z - chore: routine maintenance (#5)
2026-07-03T05:43:36Z - chore: end of day update (#6)
2026-07-03T05:10:25Z - chore: housekeeping (#7)
2026-07-04T00:19:02Z - docs: add note (#1)
2026-07-05T03:45:32Z - chore: update activity log (#1)
2026-07-05T22:39:13Z - chore: end of day update (#2)
2026-07-06T18:47:34Z - fix: small adjustment (#1)
2026-07-07T07:38:13Z - chore: sync daily progress (#1)
2026-07-07T01:48:02Z - docs: tidy notes (#2)
2026-07-08T03:12:20Z - chore: routine maintenance (#1)
2026-07-08T16:29:42Z - chore: housekeeping (#2)
2026-07-09T09:59:16Z - docs: add note (#1)
2026-07-09T17:05:30Z - docs: add note (#2)
2026-07-10T06:39:23Z - style: small tweak (#1)
2026-07-10T12:29:15Z - style: small tweak (#2)
2026-07-10T15:55:36Z - chore: update activity log (#3)
2026-07-10T21:09:04Z - chore: update activity log (#4)
